This file contains any messages produced by compilers while
running configure, to aid debugging if configure makes a mistake.

It was created by server configure 2.0, which was
generated by GNU Autoconf 2.69.  Invocation command line was

  $ ./../configure 

## --------- ##
## Platform. ##
## --------- ##

hostname = zhubing-IdeaCentre-GeekPro-14IMB
uname -m = x86_64
uname -r = 5.4.18-32-generic
uname -s = Linux
uname -v = #18-KYLINOS SMP Tue Jun 29 11:06:16 UTC 2021

/usr/bin/uname -p = x86_64
/bin/uname -X     = unknown

/bin/arch              = x86_64
/usr/bin/arch -k       = unknown
/usr/convex/getsysinfo = unknown
/usr/bin/hostinfo      = unknown
/bin/machine           = unknown
/usr/bin/oslevel       = unknown
/bin/universe          = unknown

PATH: /usr/local/sbin
PATH: /usr/local/bin
PATH: /usr/sbin
PATH: /usr/bin
PATH: /sbin
PATH: /bin
PATH: /usr/games
PATH: /usr/local/games


## ----------- ##
## Core tests. ##
## ----------- ##

configure:2196: checking for a BSD-compatible install
configure:2264: result: /usr/bin/install -c
configure:2275: checking whether build environment is sane
configure:2330: result: yes
configure:2479: checking for a thread-safe mkdir -p
configure:2518: result: /usr/bin/mkdir -p
configure:2525: checking for gawk
configure:2541: found /usr/bin/gawk
configure:2552: result: gawk
configure:2563: checking whether make sets $(MAKE)
configure:2585: result: yes
configure:2614: checking whether make supports nested variables
configure:2631: result: yes
configure:2811: checking for gcc
configure:2827: found /usr/bin/gcc
configure:2838: result: gcc
configure:3067: checking for C compiler version
configure:3076: gcc --version >&5
gcc (Ubuntu 9.3.0-10kylin2) 9.3.0
Copyright (C) 2019 Free Software Foundation, Inc.
This is free software; see the source for copying conditions.  There is NO
warranty; not even for MERCHANTABILITY or FITNESS FOR A PARTICULAR PURPOSE.

configure:3087: $? = 0
configure:3076: gcc -v >&5
Using built-in specs.
COLLECT_GCC=gcc
COLLECT_LTO_WRAPPER=/usr/lib/gcc/x86_64-linux-gnu/9/lto-wrapper
OFFLOAD_TARGET_NAMES=nvptx-none:hsa
OFFLOAD_TARGET_DEFAULT=1
Target: x86_64-linux-gnu
Configured with: ../src/configure -v --with-pkgversion='Ubuntu 9.3.0-10kylin2' --with-bugurl=file:///usr/share/doc/gcc-9/README.Bugs --enable-languages=c,ada,c++,go,brig,d,fortran,objc,obj-c++,gm2 --prefix=/usr --with-gcc-major-version-only --program-suffix=-9 --program-prefix=x86_64-linux-gnu- --enable-shared --enable-linker-build-id --libexecdir=/usr/lib --without-included-gettext --enable-threads=posix --libdir=/usr/lib --enable-nls --enable-clocale=gnu --enable-libstdcxx-debug --enable-libstdcxx-time=yes --with-default-libstdcxx-abi=new --enable-gnu-unique-object --disable-vtable-verify --enable-plugin --enable-default-pie --with-system-zlib --with-target-system-zlib=auto --enable-objc-gc=auto --enable-multiarch --disable-werror --with-arch-32=i686 --with-abi=m64 --with-multilib-list=m32,m64,mx32 --enable-multilib --with-tune=generic --enable-offload-targets=nvptx-none,hsa --without-cuda-driver --enable-checking=release --build=x86_64-linux-gnu --host=x86_64-linux-gnu --target=x86_64-linux-gnu
Thread model: posix
gcc version 9.3.0 (Ubuntu 9.3.0-10kylin2) 
configure:3087: $? = 0
configure:3076: gcc -V >&5
gcc: error: unrecognized command line option '-V'
gcc: fatal error: no input files
compilation terminated.
configure:3087: $? = 1
configure:3076: gcc -qversion >&5
gcc: error: unrecognized command line option '-qversion'; did you mean '--version'?
gcc: fatal error: no input files
compilation terminated.
configure:3087: $? = 1
configure:3107: checking whether the C compiler works
configure:3129: gcc    conftest.c  >&5
configure:3133: $? = 0
configure:3181: result: yes
configure:3184: checking for C compiler default output file name
configure:3186: result: a.out
configure:3192: checking for suffix of executables
configure:3199: gcc -o conftest    conftest.c  >&5
configure:3203: $? = 0
configure:3225: result: 
configure:3247: checking whether we are cross compiling
configure:3255: gcc -o conftest    conftest.c  >&5
configure:3259: $? = 0
configure:3266: ./conftest
configure:3270: $? = 0
configure:3258: result: no
configure:3263: checking for suffix of object files
configure:3285: gcc -c   conftest.c >&5
configure:3289: $? = 0
configure:3310: result: o
configure:3314: checking whether we are using the GNU C compiler
configure:3333: gcc -c   conftest.c >&5
configure:3333: $? = 0
configure:3342: result: yes
configure:3351: checking whether gcc accepts -g
configure:3371: gcc -c -g  conftest.c >&5
configure:3371: $? = 0
configure:3412: result: yes
configure:3429: checking for gcc option to accept ISO C89
configure:3492: gcc  -c -g -O2  conftest.c >&5
configure:3492: $? = 0
configure:3505: result: none needed
configure:3530: checking whether gcc understands -c and -o together
configure:3552: gcc -c conftest.c -o conftest2.o
configure:3555: $? = 0
configure:3552: gcc -c conftest.c -o conftest2.o
configure:3555: $? = 0
configure:3567: result: yes
configure:3587: checking whether make supports the include directive
configure:3602: make -f confmf.GNU && cat confinc.out
this is the am__doit target
configure:3605: $? = 0
configure:3624: result: yes (GNU style)
configure:3649: checking dependency style of gcc
configure:3760: result: gcc3
configure:3785: checking how to run the C preprocessor
configure:3816: gcc -E  conftest.c
configure:3816: $? = 0
configure:3830: gcc -E  conftest.c
conftest.c:11:10: fatal error: ac_nonexistent.h: No such file or directory
   11 | #include <ac_nonexistent.h>
      |          ^~~~~~~~~~~~~~~~~~
compilation terminated.
configure:3830: $? = 1
configure: failed program was:
| /* confdefs.h */
| #define PACKAGE_NAME "server"
| #define PACKAGE_TARNAME "server"
| #define PACKAGE_VERSION "2.0"
| #define PACKAGE_STRING "server 2.0"
| #define PACKAGE_BUGREPORT "zhubing@kylinos.cn"
| #define PACKAGE_URL ""
| #define PACKAGE "hello"
| #define VERSION "2.0"
| /* end confdefs.h.  */
| #include <ac_nonexistent.h>
configure:3855: result: gcc -E
configure:3875: gcc -E  conftest.c
configure:3875: $? = 0
configure:3889: gcc -E  conftest.c
conftest.c:11:10: fatal error: ac_nonexistent.h: No such file or directory
   11 | #include <ac_nonexistent.h>
      |          ^~~~~~~~~~~~~~~~~~
compilation terminated.
configure:3889: $? = 1
configure: failed program was:
| /* confdefs.h */
| #define PACKAGE_NAME "server"
| #define PACKAGE_TARNAME "server"
| #define PACKAGE_VERSION "2.0"
| #define PACKAGE_STRING "server 2.0"
| #define PACKAGE_BUGREPORT "zhubing@kylinos.cn"
| #define PACKAGE_URL ""
| #define PACKAGE "hello"
| #define VERSION "2.0"
| /* end confdefs.h.  */
| #include <ac_nonexistent.h>
configure:3918: checking for grep that handles long lines and -e
configure:3976: result: /usr/bin/grep
configure:3981: checking for egrep
configure:4043: result: /usr/bin/grep -E
configure:4048: checking for ANSI C header files
configure:4068: gcc -c -g -O2  conftest.c >&5
configure:4068: $? = 0
configure:4141: gcc -o conftest -g -O2   conftest.c  >&5
configure:4141: $? = 0
configure:4141: ./conftest
configure:4141: $? = 0
configure:4152: result: yes
configure:4165: checking for sys/types.h
configure:4165: gcc -c -g -O2  conftest.c >&5
configure:4165: $? = 0
configure:4165: result: yes
configure:4165: checking for sys/stat.h
configure:4165: gcc -c -g -O2  conftest.c >&5
configure:4165: $? = 0
configure:4165: result: yes
configure:4165: checking for stdlib.h
configure:4165: gcc -c -g -O2  conftest.c >&5
configure:4165: $? = 0
configure:4165: result: yes
configure:4165: checking for string.h
configure:4165: gcc -c -g -O2  conftest.c >&5
configure:4165: $? = 0
configure:4165: result: yes
configure:4165: checking for memory.h
configure:4165: gcc -c -g -O2  conftest.c >&5
configure:4165: $? = 0
configure:4165: result: yes
configure:4165: checking for strings.h
configure:4165: gcc -c -g -O2  conftest.c >&5
configure:4165: $? = 0
configure:4165: result: yes
configure:4165: checking for inttypes.h
configure:4165: gcc -c -g -O2  conftest.c >&5
configure:4165: $? = 0
configure:4165: result: yes
configure:4165: checking for stdint.h
configure:4165: gcc -c -g -O2  conftest.c >&5
configure:4165: $? = 0
configure:4165: result: yes
configure:4165: checking for unistd.h
configure:4165: gcc -c -g -O2  conftest.c >&5
configure:4165: $? = 0
configure:4165: result: yes
configure:4180: checking arpa/inet.h usability
configure:4180: gcc -c -g -O2  conftest.c >&5
configure:4180: $? = 0
configure:4180: result: yes
configure:4180: checking arpa/inet.h presence
configure:4180: gcc -E  conftest.c
configure:4180: $? = 0
configure:4180: result: yes
configure:4180: checking for arpa/inet.h
configure:4180: result: yes
configure:4180: checking fcntl.h usability
configure:4180: gcc -c -g -O2  conftest.c >&5
configure:4180: $? = 0
configure:4180: result: yes
configure:4180: checking fcntl.h presence
configure:4180: gcc -E  conftest.c
configure:4180: $? = 0
configure:4180: result: yes
configure:4180: checking for fcntl.h
configure:4180: result: yes
configure:4180: checking netinet/in.h usability
configure:4180: gcc -c -g -O2  conftest.c >&5
configure:4180: $? = 0
configure:4180: result: yes
configure:4180: checking netinet/in.h presence
configure:4180: gcc -E  conftest.c
configure:4180: $? = 0
configure:4180: result: yes
configure:4180: checking for netinet/in.h
configure:4180: result: yes
configure:4180: checking for stdlib.h
configure:4180: result: yes
configure:4180: checking for string.h
configure:4180: result: yes
configure:4180: checking sys/socket.h usability
configure:4180: gcc -c -g -O2  conftest.c >&5
configure:4180: $? = 0
configure:4180: result: yes
configure:4180: checking sys/socket.h presence
configure:4180: gcc -E  conftest.c
configure:4180: $? = 0
configure:4180: result: yes
configure:4180: checking for sys/socket.h
configure:4180: result: yes
configure:4180: checking for unistd.h
configure:4180: result: yes
configure:4197: checking for inet_ntoa
configure:4197: gcc -o conftest -g -O2   conftest.c  >&5
configure:4197: $? = 0
configure:4197: result: yes
configure:4197: checking for socket
configure:4197: gcc -o conftest -g -O2   conftest.c  >&5
configure:4197: $? = 0
configure:4197: result: yes
configure:4197: checking for strerror
configure:4197: gcc -o conftest -g -O2   conftest.c  >&5
configure:4197: $? = 0
configure:4197: result: yes
configure:4310: checking that generated files are newer than configure
configure:4316: result: done
configure:4339: creating ./config.status

## ---------------------- ##
## Running config.status. ##
## ---------------------- ##

This file was extended by server config.status 2.0, which was
generated by GNU Autoconf 2.69.  Invocation command line was

  CONFIG_FILES    = 
  CONFIG_HEADERS  = 
  CONFIG_LINKS    = 
  CONFIG_COMMANDS = 
  $ ./config.status 

on zhubing-IdeaCentre-GeekPro-14IMB

config.status:859: creating Makefile
config.status:859: creating config.h
config.status:1025: config.h is unchanged
config.status:1073: executing depfiles commands
config.status:1150: cd .       && sed -e '/# am--include-marker/d' Makefile         | make -f - am--depfiles
config.status:1155: $? = 0

## ---------------- ##
## Cache variables. ##
## ---------------- ##

ac_cv_c_compiler_gnu=yes
ac_cv_env_CC_set=
ac_cv_env_CC_value=
ac_cv_env_CFLAGS_set=
ac_cv_env_CFLAGS_value=
ac_cv_env_CPPFLAGS_set=
ac_cv_env_CPPFLAGS_value=
ac_cv_env_CPP_set=
ac_cv_env_CPP_value=
ac_cv_env_LDFLAGS_set=
ac_cv_env_LDFLAGS_value=
ac_cv_env_LIBS_set=
ac_cv_env_LIBS_value=
ac_cv_env_build_alias_set=
ac_cv_env_build_alias_value=
ac_cv_env_host_alias_set=
ac_cv_env_host_alias_value=
ac_cv_env_target_alias_set=
ac_cv_env_target_alias_value=
ac_cv_func_inet_ntoa=yes
ac_cv_func_socket=yes
ac_cv_func_strerror=yes
ac_cv_header_arpa_inet_h=yes
ac_cv_header_fcntl_h=yes
ac_cv_header_inttypes_h=yes
ac_cv_header_memory_h=yes
ac_cv_header_netinet_in_h=yes
ac_cv_header_stdc=yes
ac_cv_header_stdint_h=yes
ac_cv_header_stdlib_h=yes
ac_cv_header_string_h=yes
ac_cv_header_strings_h=yes
ac_cv_header_sys_socket_h=yes
ac_cv_header_sys_stat_h=yes
ac_cv_header_sys_types_h=yes
ac_cv_header_unistd_h=yes
ac_cv_objext=o
ac_cv_path_EGREP='/usr/bin/grep -E'
ac_cv_path_GREP=/usr/bin/grep
ac_cv_path_install='/usr/bin/install -c'
ac_cv_path_mkdir=/usr/bin/mkdir
ac_cv_prog_AWK=gawk
ac_cv_prog_CPP='gcc -E'
ac_cv_prog_ac_ct_CC=gcc
ac_cv_prog_cc_c89=
ac_cv_prog_cc_g=yes
ac_cv_prog_make_make_set=yes
am_cv_CC_dependencies_compiler_type=gcc3
am_cv_make_support_nested_variables=yes
am_cv_prog_cc_c_o=yes

## ----------------- ##
## Output variables. ##
## ----------------- ##

ACLOCAL='${SHELL} /home/zhubing/pro_2/sslserver/missing aclocal-1.16'
AMDEPBACKSLASH='\'
AMDEP_FALSE='#'
AMDEP_TRUE=''
AMTAR='$${TAR-tar}'
AM_BACKSLASH='\'
AM_DEFAULT_V='$(AM_DEFAULT_VERBOSITY)'
AM_DEFAULT_VERBOSITY='1'
AM_V='$(V)'
AUTOCONF='${SHELL} /home/zhubing/pro_2/sslserver/missing autoconf'
AUTOHEADER='${SHELL} /home/zhubing/pro_2/sslserver/missing autoheader'
AUTOMAKE='${SHELL} /home/zhubing/pro_2/sslserver/missing automake-1.16'
AWK='gawk'
CC='gcc'
CCDEPMODE='depmode=gcc3'
CFLAGS='-g -O2'
CPP='gcc -E'
CPPFLAGS=''
CYGPATH_W='echo'
DEFS='-DHAVE_CONFIG_H'
DEPDIR='.deps'
ECHO_C=''
ECHO_N='-n'
ECHO_T=''
EGREP='/usr/bin/grep -E'
EXEEXT=''
GREP='/usr/bin/grep'
INSTALL_DATA='${INSTALL} -m 644'
INSTALL_PROGRAM='${INSTALL}'
INSTALL_SCRIPT='${INSTALL}'
INSTALL_STRIP_PROGRAM='$(install_sh) -c -s'
LDFLAGS=''
LIBOBJS=''
LIBS=''
LTLIBOBJS=''
MAKEINFO='${SHELL} /home/zhubing/pro_2/sslserver/missing makeinfo'
MKDIR_P='/usr/bin/mkdir -p'
OBJEXT='o'
PACKAGE='hello'
PACKAGE_BUGREPORT='zhubing@kylinos.cn'
PACKAGE_NAME='server'
PACKAGE_STRING='server 2.0'
PACKAGE_TARNAME='server'
PACKAGE_URL=''
PACKAGE_VERSION='2.0'
PATH_SEPARATOR=':'
SET_MAKE=''
SHELL='/bin/bash'
STRIP=''
VERSION='2.0'
ac_ct_CC='gcc'
am__EXEEXT_FALSE=''
am__EXEEXT_TRUE='#'
am__fastdepCC_FALSE='#'
am__fastdepCC_TRUE=''
am__include='include'
am__isrc=' -I$(srcdir)'
am__leading_dot='.'
am__nodep='_no'
am__quote=''
am__tar='$${TAR-tar} chof - "$$tardir"'
am__untar='$${TAR-tar} xf -'
bindir='${exec_prefix}/bin'
build_alias=''
datadir='${datarootdir}'
datarootdir='${prefix}/share'
docdir='${datarootdir}/doc/${PACKAGE_TARNAME}'
dvidir='${docdir}'
exec_prefix='${prefix}'
host_alias=''
htmldir='${docdir}'
includedir='${prefix}/include'
infodir='${datarootdir}/info'
install_sh='${SHELL} /home/zhubing/pro_2/sslserver/install-sh'
libdir='${exec_prefix}/lib'
libexecdir='${exec_prefix}/libexec'
localedir='${datarootdir}/locale'
localstatedir='${prefix}/var'
mandir='${datarootdir}/man'
mkdir_p='$(MKDIR_P)'
oldincludedir='/usr/include'
pdfdir='${docdir}'
prefix='/usr/local'
program_transform_name='s,x,x,'
psdir='${docdir}'
runstatedir='${localstatedir}/run'
sbindir='${exec_prefix}/sbin'
sharedstatedir='${prefix}/com'
sysconfdir='${prefix}/etc'
target_alias=''

## ----------- ##
## confdefs.h. ##
## ----------- ##

/* confdefs.h */
#define PACKAGE_NAME "server"
#define PACKAGE_TARNAME "server"
#define PACKAGE_VERSION "2.0"
#define PACKAGE_STRING "server 2.0"
#define PACKAGE_BUGREPORT "zhubing@kylinos.cn"
#define PACKAGE_URL ""
#define PACKAGE "hello"
#define VERSION "2.0"
#define STDC_HEADERS 1
#define HAVE_SYS_TYPES_H 1
#define HAVE_SYS_STAT_H 1
#define HAVE_STDLIB_H 1
#define HAVE_STRING_H 1
#define HAVE_MEMORY_H 1
#define HAVE_STRINGS_H 1
#define HAVE_INTTYPES_H 1
#define HAVE_STDINT_H 1
#define HAVE_UNISTD_H 1
#define HAVE_ARPA_INET_H 1
#define HAVE_FCNTL_H 1
#define HAVE_NETINET_IN_H 1
#define HAVE_STDLIB_H 1
#define HAVE_STRING_H 1
#define HAVE_SYS_SOCKET_H 1
#define HAVE_UNISTD_H 1
#define HAVE_INET_NTOA 1
#define HAVE_SOCKET 1
#define HAVE_STRERROR 1

configure: exit 0
